<?xml version="1.0" encoding="UTF-8"?>
<!-- Generated by org.testng.reporters.JUnitReportReporter -->
<testsuite skipped="0" hostname="DESKTOP-2TK0G8F" name="Practice.AppiumFramework.TC05" tests="1" failures="0" timestamp="2020-09-07T10:50:00 IST" time="33.876" errors="0">
  <testcase name="openApp" time="33.876" classname="Practice.AppiumFramework.TC05"/>
  <system-out/>
</testsuite> <!-- Practice.AppiumFramework.TC05 -->
