<?xml version="1.0" encoding="UTF-8"?>
<!-- Generated by org.testng.reporters.JUnitReportReporter -->
<testsuite skipped="0" hostname="DESKTOP-5T7T99E" name="testcases.appSignIn" tests="2" failures="0" timestamp="18 Sep 2020 19:36:04 GMT" time="49.685" errors="0">
  <testcase name="signIn" time="27.536" classname="testcases.appSignIn"/>
  <testcase name="openApp" time="22.149" classname="testcases.appSignIn"/>
</testsuite> <!-- testcases.appSignIn -->
